[Info] 2020/04/19 11:19:42 main.go:17 [main begin]
[Info] 2020/04/19 11:19:42 server.go:87 [listen running on :8080]
[Info] 2020/04/19 11:47:23 main.go:17 [main begin]
[Info] 2020/04/19 11:47:23 server.go:87 [listen running on :8080]
[Info] 2020/04/19 11:47:51 server.go:165 [接收客户端请求开始]
[Info] 2020/04/19 11:47:51 server.go:168 [客户端信息： 192.168.234.128:34922]
[Info] 2020/04/19 11:47:51 server.go:238 [recv head: 34]
[Info] 2020/04/19 11:47:51 server.go:309 [recv body: {"TransCode":"1001","test":"test"}]
[Info] 2020/04/19 11:47:51 muxer.go:36交易码[[1001]]
[Info] 2020/04/19 11:47:51 p1001.go:35 [解析请求成功]
[Info] 2020/04/19 11:47:51 p1001.go:38 [业务处理开始]
[Info] 2020/04/19 11:47:51 p1001.go:39 [ test]
[Info] 2020/04/19 11:47:51 p1001.go:40 [业务处理结束]
[Info] 2020/04/19 11:47:51 p1001.go:51 [构造应答成功]
[Info] 2020/04/19 11:47:51 server.go:336 [sendLen: 43]
[Info] 2020/04/19 11:47:51 server.go:337 [outBuf: {"ret":0,"msg":"succ","test":"hello  test"}]
[Info] 2020/04/19 11:47:51 server.go:190 [应答客户端请求结束]
[Info] 2020/04/19 11:47:51 server.go:194 [conn use time: 1.526842ms]
[Info] 2020/04/19 12:19:59 server.go:104 [listen running on :8080]
[Info] 2020/04/19 12:20:17 server.go:182 [接收客户端请求开始]
[Info] 2020/04/19 12:20:17 server.go:185 [客户端信息： 192.168.234.128:34950]
[Info] 2020/04/19 12:20:17 server.go:255 [recv head: 34]
[Info] 2020/04/19 12:20:17 server.go:326 [recv body: {"TransCode":"1001","test":"test"}]
[Info] 2020/04/19 12:20:17 router.go:36交易码：[1001]
[Info] 2020/04/19 12:20:17 p1001.go:35 [解析请求成功]
[Info] 2020/04/19 12:20:17 p1001.go:38 [业务处理开始]
[Info] 2020/04/19 12:20:17 p1001.go:39 [ test]
[Info] 2020/04/19 12:20:17 p1001.go:40 [业务处理结束]
[Info] 2020/04/19 12:20:17 p1001.go:51 [构造应答成功]
[Info] 2020/04/19 12:20:17 server.go:353 [sendLen: 43]
[Info] 2020/04/19 12:20:17 server.go:354 [outBuf: {"ret":0,"msg":"succ","test":"hello  test"}]
[Info] 2020/04/19 12:20:17 server.go:207 [应答客户端请求结束]
[Info] 2020/04/19 12:20:17 server.go:211 [conn use time: 589.523µs]
[Info] 2020/04/19 12:23:57 server.go:104 [listen running on :8080]
[Info] 2020/04/19 12:24:15 server.go:182 [接收客户端请求开始]
[Info] 2020/04/19 12:24:15 server.go:185 [客户端信息： 192.168.234.128:34952]
[Info] 2020/04/19 12:24:15 server.go:255 [recv head: 34]
[Info] 2020/04/19 12:24:15 server.go:326 [recv body: {"TransCode":"1001","test":"test"}]
[Info] 2020/04/19 12:24:15 router.go:36 [交易码：[1001]
]
[Info] 2020/04/19 12:24:15 p1001.go:35 [解析请求成功]
[Info] 2020/04/19 12:24:15 p1001.go:38 [业务处理开始]
[Info] 2020/04/19 12:24:15 p1001.go:39 [ test]
[Info] 2020/04/19 12:24:15 p1001.go:40 [业务处理结束]
[Info] 2020/04/19 12:24:15 p1001.go:51 [构造应答成功]
[Info] 2020/04/19 12:24:15 server.go:353 [sendLen: 43]
[Info] 2020/04/19 12:24:15 server.go:354 [outBuf: {"ret":0,"msg":"succ","test":"hello  test"}]
[Info] 2020/04/19 12:24:15 server.go:207 [应答客户端请求结束]
[Info] 2020/04/19 12:24:15 server.go:211 [conn use time: 767.3µs]
[Info] 2020/04/19 12:25:10 server.go:104 [listen running on :8080]
[Info] 2020/04/19 12:25:14 server.go:182 [接收客户端请求开始]
[Info] 2020/04/19 12:25:14 server.go:185 [客户端信息： 192.168.234.128:34954]
[Info] 2020/04/19 12:25:14 server.go:255 [recv head: 34]
[Info] 2020/04/19 12:25:14 server.go:326 [recv body: {"TransCode":"1001","test":"test"}]
[Info] 2020/04/19 12:25:14 router.go:36 [交易码：[1001]]
[Info] 2020/04/19 12:25:14 p1001.go:35 [解析请求成功]
[Info] 2020/04/19 12:25:14 p1001.go:38 [业务处理开始]
[Info] 2020/04/19 12:25:14 p1001.go:39 [ test]
[Info] 2020/04/19 12:25:14 p1001.go:40 [业务处理结束]
[Info] 2020/04/19 12:25:14 p1001.go:51 [构造应答成功]
[Info] 2020/04/19 12:25:14 server.go:353 [sendLen: 43]
[Info] 2020/04/19 12:25:14 server.go:354 [outBuf: {"ret":0,"msg":"succ","test":"hello  test"}]
[Info] 2020/04/19 12:25:14 server.go:207 [应答客户端请求结束]
[Info] 2020/04/19 12:25:14 server.go:211 [conn use time: 890.479µs]
[Info] 2020/04/19 12:26:39 server.go:104 [listen running on :8080]
[Info] 2020/04/19 12:26:48 server.go:182 [接收客户端请求开始]
[Info] 2020/04/19 12:26:48 server.go:185 [客户端信息： 192.168.234.128:34956]
[Info] 2020/04/19 12:26:48 server.go:255 [recv head: 34]
[Info] 2020/04/19 12:26:48 server.go:326 [recv body: {"TransCode":"1001","test":"test"}]
[Info] 2020/04/19 12:26:48 router.go:36 [交易码[1001]]
[Info] 2020/04/19 12:26:48 p1001.go:35 [解析请求成功]
[Info] 2020/04/19 12:26:48 p1001.go:38 [业务处理开始]
[Info] 2020/04/19 12:26:48 p1001.go:39 [ test]
[Info] 2020/04/19 12:26:48 p1001.go:40 [业务处理结束]
[Info] 2020/04/19 12:26:48 p1001.go:51 [构造应答成功]
[Info] 2020/04/19 12:26:48 server.go:353 [sendLen: 43]
[Info] 2020/04/19 12:26:48 server.go:354 [outBuf: {"ret":0,"msg":"succ","test":"hello  test"}]
[Info] 2020/04/19 12:26:48 server.go:207 [应答客户端请求结束]
[Info] 2020/04/19 12:26:48 server.go:211 [conn use time: 1.072025ms]
[Info] 2020/04/19 12:32:17 server.go:104 [listen running on :8080]
[Info] 2020/04/19 12:32:26 server.go:182 [接收客户端请求开始]
[Info] 2020/04/19 12:32:26 server.go:185 [客户端信息： 192.168.234.128:34958]
[Info] 2020/04/19 12:32:26 server.go:255 [recv head: 34]
[Info] 2020/04/19 12:32:26 server.go:326 [recv body: {"TransCode":"1001","test":"test"}]
[Info] 2020/04/19 12:32:26 router.go:36 [交易码[1001]]
[Info] 2020/04/19 12:32:26 p1001.go:35 [解析请求成功]
[Info] 2020/04/19 12:32:26 p1001.go:38 [业务处理开始]
[Info] 2020/04/19 12:32:26 p1001.go:39 [1001 test]
[Info] 2020/04/19 12:32:26 p1001.go:40 [业务处理结束]
[Info] 2020/04/19 12:32:26 p1001.go:51 [构造应答成功]
[Info] 2020/04/19 12:32:26 server.go:353 [sendLen: 47]
[Info] 2020/04/19 12:32:26 server.go:354 [outBuf: {"ret":0,"msg":"succ","test":"hello 1001 test"}]
[Info] 2020/04/19 12:32:26 server.go:207 [应答客户端请求结束]
[Info] 2020/04/19 12:32:26 server.go:211 [conn use time: 927.288µs]
[Info] 2020/04/19 21:59:45 main.go:58 [1001 p1001]
[Error] 2020/04/19 21:59:45 main.go:34 [路由处理函数未实现]
[Info] 2020/04/19 22:02:12 main.go:58 [1001 p1001]
[Error] 2020/04/19 22:02:12 main.go:34 [路由处理函数未实现]
[Info] 2020/04/19 22:03:59 main.go:58 [1001 p1001]
[Error] 2020/04/19 22:03:59 main.go:34 [路由[1001]处理函数未实现]
[Error] 2020/04/19 22:17:36 main.go:34 [sql: Scan error on column index 1, name "handler": unsupported Scan, storing driver.Value type []uint8 into type *func([]uint8) []uint8]
[Info] 2020/04/19 23:23:49 main.go:63 [1001 p1001]
[Error] 2020/04/19 23:23:49 main.go:26 [路由[1001]处理函数未实现]
